<?xml version="1.0" encoding="UTF-8"?>
<!-- Generated by org.testng.reporters.JUnitReportReporter -->
<testsuite hostname="MacBook-Pro-toutes-ALEXANDROS-3.local" name="qa.tests.AmazonTest" tests="1" failures="0" timestamp="25 Aug 2017 00:52:39 GMT" time="20.001" errors="0">
  <testcase name="searchPersadoInGoogle" time="20.001" classname="qa.tests.AmazonTest"/>
</testsuite> <!-- qa.tests.AmazonTest -->
